        -:    0:Source:E:/Code/Skola/Su/CProg/CProg-Project/src/springhawk/maps/Map.cpp
        -:    0:Graph:E:\Code\Skola\Su\CProg\CProg-Project\cmake-build-debug-coverage\src\CMakeFiles\CProg.dir\springhawk\maps\Map.cpp.gcno
        -:    0:Data:E:\Code\Skola\Su\CProg\CProg-Project\cmake-build-debug-coverage\src\CMakeFiles\CProg.dir\springhawk\maps\Map.cpp.gcda
        -:    0:Runs:1
        -:    1://
        -:    2:// Created by felix on 2023-11-16.
        -:    3://
        -:    4:
        -:    5:#include "springhawk/maps/Map.h"
        -:    6:
function _ZN3Map8getWidthEv called 0 returned 0% blocks executed 0%
    #####:    7:int Map::getWidth() {
    #####:    8:    return width;
    %%%%%:    8-block  0
        -:    9:}
        -:   10:
function _ZN3Map9getHeightEv called 0 returned 0% blocks executed 0%
    #####:   11:int Map::getHeight() {
    #####:   12:    return height;
    %%%%%:   12-block  0
        -:   13:}
        -:   14:
function _ZN3MapixE7Vector2 called 0 returned 0% blocks executed 0%
    #####:   15:int Map::operator[](Vector2 vector2) {
    #####:   16:    return 0;
    %%%%%:   16-block  0
        -:   17:}
        -:   18:
function _ZN3MapC2Ev called 1 returned 100% blocks executed 100%
        1:   19:Map::Map() {
        1:   20:    width = 8;
        1:   21:    height = 8;
        1:   22:}
        -:   23:
function _ZN3MapD2Ev called 0 returned 0% blocks executed 0%
    #####:   24:Map::~Map() = default;
