        -:    0:Source:E:/Code/Skola/Su/CProg/CProg-Project/include/scripts/GameObject.h
        -:    0:Graph:E:\Code\Skola\Su\CProg\CProg-Project\cmake-build-debug-coverage\src\CMakeFiles\CProg.dir\scripts\Player.cpp.gcno
        -:    0:Data:E:\Code\Skola\Su\CProg\CProg-Project\cmake-build-debug-coverage\src\CMakeFiles\CProg.dir\scripts\Player.cpp.gcda
        -:    0:Runs:1
        -:    1://
        -:    2:// Created by felix on 2023-11-11.
        -:    3://
        -:    4:
        -:    5:#ifndef CPROG_PROJECT_GAMEOBJECT_H
        -:    6:#define CPROG_PROJECT_GAMEOBJECT_H
        -:    7:
        -:    8:#include "springhawk/Color.h"
        -:    9:#include "springhawk/Vector2.h"
        -:   10:
        -:   11:class GameObject {
        -:   12:public:
function _ZN10GameObjectC2Ev called 1 returned 100% blocks executed 100%
        1:   13:    GameObject() = default;
        1:   13-block  0
call    0 returned 1
call    1 returned 1
        -:   14:    ~GameObject() = default;
        -:   15:
        -:   16:    virtual void update() = 0;
        -:   17:    virtual Color getColor() = 0;
        -:   18:
        -:   19:
        -:   20:    double getAngle() const;
        -:   21:    Vector2 getPosition() const;
        -:   22:    void setPosition(Vector2 position);
        -:   23:protected:
        -:   24:    Vector2 position;
        -:   25:    Color color;
        -:   26:    double angle = 0;
        -:   27:};
        -:   28:
        -:   29:
        -:   30:#endif //CPROG_PROJECT_GAMEOBJECT_H
