        -:    0:Source:E:/Code/Skola/Su/CProg/CProg-Project/src/springhawk/SceneBuilder.cpp
        -:    0:Graph:E:\Code\Skola\Su\CProg\CProg-Project\cmake-build-debug-coverage\src\CMakeFiles\CProg.dir\springhawk\SceneBuilder.cpp.gcno
        -:    0:Data:E:\Code\Skola\Su\CProg\CProg-Project\cmake-build-debug-coverage\src\CMakeFiles\CProg.dir\springhawk\SceneBuilder.cpp.gcda
        -:    0:Runs:1
        -:    1://
        -:    2:// Created by felix on 2023-11-14.
        -:    3://
        -:    4:
        -:    5:#include "springhawk/SceneBuilder.h"
        -:    6:#include "springhawk/Scene.h"
        -:    7:
function _ZN10springhawk12SceneBuilder8addSceneEv called 1 returned 100% blocks executed 56%
        1:    8:springhawk::SceneBuilder springhawk::SceneBuilder::addScene() {
        -:    9:
        1:   10:    currentScene = new Scene(currentPlayer, currentMap, currentGameObjects,currentRenderTag);
        1:   10-block  0
call    0 returned 1
call    1 returned 1
branch  2 taken 1 (fallthrough)
branch  3 taken 0 (throw)
        1:   10-block  1
call    4 returned 1
branch  5 taken 1 (fallthrough)
branch  6 taken 0 (throw)
        1:   10-block  2
call    7 returned 1
branch  8 taken 1 (fallthrough)
branch  9 taken 0 (throw)
        1:   10-block  3
call   10 returned 1
call   11 returned 1
    $$$$$:   10-block  4
call   12 never executed
    $$$$$:   10-block  5
    $$$$$:   10-block  6
call   13 never executed
    $$$$$:   10-block  7
    $$$$$:   10-block  8
branch 14 never executed (fallthrough)
branch 15 never executed
    $$$$$:   10-block  9
call   16 never executed
        -:   11:
        1:   12:    scenes.push_back(currentScene);
call    0 returned 1
        -:   13:
        1:   14:    return *this;
call    0 returned 1
        -:   15:}
        -:   16:
function _ZN10springhawk12SceneBuilder6setMapESt6vectorIS1_IiSaIiEESaIS3_EE called 1 returned 100% blocks executed 100%
        1:   17:springhawk::SceneBuilder springhawk::SceneBuilder::setMap(std::vector<std::vector<int>> map) {
        1:   18:    this->currentMap = map;
        1:   18-block  0
call    0 returned 1
        1:   19:    return *this;
call    0 returned 1
        -:   20:}
        -:   21:
function _ZN10springhawk12SceneBuilder9setPlayerEP6Player called 1 returned 100% blocks executed 100%
        1:   22:springhawk::SceneBuilder springhawk::SceneBuilder::setPlayer(Player* player) {
        1:   23:    this->currentPlayer = player;
        1:   24:    return *this;
        1:   24-block  0
call    0 returned 1
        -:   25:}
        -:   26:
function _ZN10springhawk12SceneBuilder12setRenderTagENS_9RenderTagE called 1 returned 100% blocks executed 100%
        1:   27:springhawk::SceneBuilder springhawk::SceneBuilder::setRenderTag(RenderTag renderTag) {
        1:   28:    this->currentRenderTag = renderTag;
        1:   29:    return *this;
        1:   29-block  0
call    0 returned 1
        -:   30:}
        -:   31:
function _ZN10springhawk12SceneBuilder11buildScenesEv called 1 returned 100% blocks executed 100%
        1:   32:std::vector<Scene *> springhawk::SceneBuilder::buildScenes() {
        1:   33:    return scenes;
        1:   33-block  0
call    0 returned 1
        -:   34:}
        -:   35:
function _ZN10springhawk12SceneBuilder14addGameObjectsESt6vectorIP10GameObjectSaIS3_EE called 0 returned 0% blocks executed 0%
    #####:   36:springhawk::SceneBuilder springhawk::SceneBuilder::addGameObjects(std::vector<GameObject *> gameObjects) {
    #####:   37:    for(GameObject* gameObject : gameObjects){
    %%%%%:   37-block  0
call    0 never executed
call    1 never executed
    %%%%%:   37-block  1
call    2 never executed
    %%%%%:   37-block  2
call    3 never executed
    %%%%%:   37-block  3
call    4 never executed
branch  5 never executed
branch  6 never executed (fallthrough)
    #####:   38:        currentGameObjects.push_back(gameObject);
call    0 never executed
branch  1 never executed (fallthrough)
branch  2 never executed (throw)
        -:   39:    }
    #####:   40:    return *this;
    %%%%%:   40-block  0
call    0 never executed
        -:   41:}
