        -:    0:Source:E:/Code/Skola/Su/CProg/CProg-Project/src/springhawk/Scene.cpp
        -:    0:Graph:E:\Code\Skola\Su\CProg\CProg-Project\cmake-build-debug-coverage\src\CMakeFiles\CProg.dir\springhawk\Scene.cpp.gcno
        -:    0:Data:E:\Code\Skola\Su\CProg\CProg-Project\cmake-build-debug-coverage\src\CMakeFiles\CProg.dir\springhawk\Scene.cpp.gcda
        -:    0:Runs:1
        -:    1://
        -:    2:// Created by felix on 2023-11-14.
        -:    3://
        -:    4:
        -:    5:#include <iostream>
        -:    6:#include <utility>
        -:    7:#include "springhawk/Scene.h"
        -:    8:#include "springhawk/maps/Map.h"
        -:    9:
function _ZN5SceneD2Ev called 0 returned 0% blocks executed 0%
    #####:   10:Scene::~Scene() = default;
    %%%%%:   10-block  0
call    0 never executed
call    1 never executed
call    2 never executed
        -:   11:
function _ZN5SceneC2EP6Player3MapSt6vectorIP10GameObjectSaIS5_EEN10springhawk9RenderTagE called 0 returned 0% blocks executed 0%
    #####:   12:Scene::Scene(Player *player, Map map, std::vector<GameObject *> gameObjects, springhawk::RenderTag renderTag) {
    %%%%%:   12-block  0
call    0 never executed
call    1 never executed
call    2 never executed
    #####:   13:    this->player = player;
    #####:   14:    this->map = map;
    #####:   15:    this->gameObjects = std::move(gameObjects);
call    0 never executed
call    1 never executed
    #####:   16:    this->renderTag = renderTag;
    #####:   17:}
        -:   18:
function _ZN5SceneC2EP6PlayerSt6vectorIS2_IiSaIiEESaIS4_EES2_IP10GameObjectSaIS8_EEN10springhawk9RenderTagE called 1 returned 100% blocks executed 100%
        1:   19:Scene::Scene(Player *player, std::vector<std::vector<int>> tileMap, std::vector<GameObject *> gameObjects, springhawk::RenderTag renderTag) {
        1:   19-block  0
call    0 returned 1
call    1 returned 1
call    2 returned 1
        1:   20:    this->player = player;
        1:   21:    this->tileMap = std::move(tileMap);
call    0 returned 1
call    1 returned 1
        1:   22:    this->gameObjects = std::move(gameObjects);
call    0 returned 1
call    1 returned 1
        1:   23:    this->renderTag = renderTag;
        1:   24:}
        -:   25:
function _ZN5Scene14getGameObjectsEv called 1 returned 100% blocks executed 100%
        1:   26:std::vector<GameObject *> Scene::getGameObjects() {
        1:   27:    return gameObjects;
        1:   27-block  0
call    0 returned 1
        -:   28:}
        -:   29:
function _ZN5Scene9getPlayerEv called 1 returned 100% blocks executed 100%
        1:   30:Player * Scene::getPlayer() {
        1:   31:    return player;
        1:   31-block  0
        -:   32:}
        -:   33:
function _ZN5Scene10getTileMapEv called 1 returned 100% blocks executed 100%
        1:   34:std::vector<std::vector<int>> Scene::getTileMap() {
        1:   35:    return tileMap;
        1:   35-block  0
call    0 returned 1
        -:   36:}
        -:   37:
function _ZNK5Scene12getRenderTagEv called 1 returned 100% blocks executed 100%
        1:   38:springhawk::RenderTag Scene::getRenderTag() const {
        1:   39:    return renderTag;
        1:   39-block  0
        -:   40:}
        -:   41:
function _ZN5Scene6getMapEv called 0 returned 0% blocks executed 0%
    #####:   42:Map Scene::getMap() {
    #####:   43:    return map;
    %%%%%:   43-block  0
        -:   44:}
