        -:    0:Source:E:/Code/Skola/Su/CProg/CProg-Project/src/springhawk/Time.cpp
        -:    0:Graph:E:\Code\Skola\Su\CProg\CProg-Project\cmake-build-debug-coverage\src\CMakeFiles\CProg.dir\springhawk\Time.cpp.gcno
        -:    0:Data:E:\Code\Skola\Su\CProg\CProg-Project\cmake-build-debug-coverage\src\CMakeFiles\CProg.dir\springhawk\Time.cpp.gcda
        -:    0:Runs:1
        -:    1://
        -:    2:// Created by felix on 2023-11-12.
        -:    3://
        -:    4:
        -:    5:#include "springhawk/Time.h"
        -:    6:
        -:    7:double Time::deltaTime = 0;
        -:    8:
function _ZN4Time12getDeltaTimeEv called 3258 returned 100% blocks executed 100%
     3258:    9:double Time::getDeltaTime() {
     3258:   10:    return deltaTime;
     3258:   10-block  0
        -:   11:}
        -:   12:
function _ZN4Time12setDeltaTimeEd called 1841 returned 100% blocks executed 100%
     1841:   13:void Time::setDeltaTime(double dt) {
     1841:   14:    deltaTime = dt;
     1841:   15:}
