        -:    0:Source:E:/Code/Skola/Su/CProg/CProg-Project/src/games/Wolfenstein.cpp
        -:    0:Graph:E:\Code\Skola\Su\CProg\CProg-Project\cmake-build-debug-coverage\src\CMakeFiles\CProg.dir\games\Wolfenstein.cpp.gcno
        -:    0:Data:E:\Code\Skola\Su\CProg\CProg-Project\cmake-build-debug-coverage\src\CMakeFiles\CProg.dir\games\Wolfenstein.cpp.gcda
        -:    0:Runs:1
        -:    1://
        -:    2:// Created by felix on 2023-11-14.
        -:    3://
        -:    4:#include "scripts/Player.h"
        -:    5:#include "games/Wolfenstein.h"
        -:    6:
        -:    7:#include "iostream"
        -:    8:
        -:    9:#include "springhawk/Engine.h"
        -:   10:#include "springhawk/SceneBuilder.h"
        -:   11:
        -:   12:
        -:   13:
function _ZN11Wolfenstein3runEv called 1 returned 100% blocks executed 49%
        1:   14:void Wolfenstein::run() {
        -:   15:
        1:   16:    springhawk::SceneBuilder sceneBuilder;
        1:   16-block  0
call    0 returned 1
        -:   17:    std::vector<std::vector<int>> mapVector = {
        -:   18:            {1, 1, 1, 1, 1, 1, 1, 1},
        -:   19:            {3, 0, 2, 0, 0, 0, 0, 5},
        -:   20:            {3, 0, 2, 0, 0, 0, 0, 5},
        -:   21:            {3, 0, 2, 0, 0, 0, 0, 5},
        -:   22:            {3, 0, 0, 0, 0, 0, 0, 5},
        -:   23:            {3, 0, 0, 0, 0, 2, 0, 5},
        -:   24:            {3, 0, 0, 0, 0, 0, 0, 5},
        -:   25:            {3, 4, 4, 4, 4, 4, 4, 4}
       10:   26:    };
        1:   26-block  0
call    0 returned 1
branch  1 taken 1 (fallthrough)
branch  2 taken 0 (throw)
        9:   26-block  1
branch  3 taken 8 (fallthrough)
branch  4 taken 1
        8:   26-block  2
call    5 returned 8
    $$$$$:   26-block  3
    $$$$$:   26-block  4
    $$$$$:   26-block  5
branch  6 never executed (fallthrough)
branch  7 never executed
    $$$$$:   26-block  6
call    8 never executed
    $$$$$:   26-block  7
        1:   27:    sceneBuilder.setMap(mapVector);
        1:   27-block  0
call    0 returned 1
branch  1 taken 1 (fallthrough)
branch  2 taken 0 (throw)
        1:   27-block  1
call    3 returned 1
call    4 returned 1
    $$$$$:   27-block  2
call    5 never executed
    $$$$$:   27-block  3
    $$$$$:   27-block  4
        1:   28:    sceneBuilder.setPlayer(new Player());
call    0 returned 1
branch  1 taken 1 (fallthrough)
branch  2 taken 0 (throw)
        1:   28-block  0
call    3 returned 1
branch  4 taken 1 (fallthrough)
branch  5 taken 0 (throw)
        1:   28-block  1
call    6 returned 1
branch  7 taken 1 (fallthrough)
branch  8 taken 0 (throw)
        1:   28-block  2
call    9 returned 1
    $$$$$:   28-block  3
branch 10 never executed (fallthrough)
branch 11 never executed
    $$$$$:   28-block  4
call   12 never executed
    $$$$$:   28-block  5
        -:   29:    //sceneBuilder.addGameObjects();
        1:   30:    sceneBuilder.setRenderTag(springhawk::RenderTag::Raycaster);
call    0 returned 1
branch  1 taken 1 (fallthrough)
branch  2 taken 0 (throw)
        1:   30-block  0
call    3 returned 1
    $$$$$:   30-block  1
        -:   31:
        1:   32:    sceneBuilder.addScene();
call    0 returned 1
branch  1 taken 1 (fallthrough)
branch  2 taken 0 (throw)
        1:   32-block  0
call    3 returned 1
    $$$$$:   32-block  1
        1:   33:    std::vector<Scene*> scenes = sceneBuilder.buildScenes();
call    0 returned 1
branch  1 taken 1 (fallthrough)
branch  2 taken 0 (throw)
        -:   34:
        1:   35:    springhawk::Engine::run(scenes);
        1:   35-block  0
call    0 returned 1
branch  1 taken 1 (fallthrough)
branch  2 taken 0 (throw)
        1:   35-block  1
call    3 returned 1
branch  4 taken 1 (fallthrough)
branch  5 taken 0 (throw)
        1:   35-block  2
call    6 returned 1
    $$$$$:   35-block  3
call    7 never executed
    $$$$$:   35-block  4
        1:   36:    std::cout << "Wolfenstein 3D!" << std::endl;
call    0 returned 1
branch  1 taken 1 (fallthrough)
branch  2 taken 0 (throw)
        1:   36-block  0
call    3 returned 1
branch  4 taken 1 (fallthrough)
branch  5 taken 0 (throw)
        4:   37:}
        1:   37-block  0
call    0 returned 1
branch  1 taken 1 (fallthrough)
branch  2 taken 0 (throw)
        1:   37-block  1
call    3 returned 1
branch  4 taken 1 (fallthrough)
branch  5 taken 0 (throw)
        1:   37-block  2
call    6 returned 1
branch  7 taken 1 (fallthrough)
branch  8 taken 0 (throw)
        1:   37-block  3
call    9 returned 1
branch 10 taken 1 (fallthrough)
branch 11 taken 0 (throw)
        1:   37-block  4
call   12 returned 1
branch 13 taken 1 (fallthrough)
branch 14 taken 0 (throw)
        1:   37-block  5
call   15 returned 1
branch 16 taken 1 (fallthrough)
branch 17 taken 0 (throw)
        1:   37-block  6
call   18 returned 1
branch 19 taken 1 (fallthrough)
branch 20 taken 0 (throw)
        1:   37-block  7
call   21 returned 1
branch 22 taken 1 (fallthrough)
branch 23 taken 0 (throw)
        1:   37-block  8
        1:   37-block  9
call   24 returned 1
call   25 returned 1
branch 26 taken 1 (fallthrough)
branch 27 taken 0 (throw)
        1:   37-block 10
call   28 returned 1
call   29 returned 1
call   30 returned 1
    $$$$$:   37-block 11
    $$$$$:   37-block 12
    $$$$$:   37-block 13
    $$$$$:   37-block 14
    $$$$$:   37-block 15
    $$$$$:   37-block 16
    $$$$$:   37-block 17
    $$$$$:   37-block 18
    $$$$$:   37-block 19
    $$$$$:   37-block 20
branch 31 never executed (fallthrough)
branch 32 never executed
    $$$$$:   37-block 21
    $$$$$:   37-block 22
branch 33 never executed (fallthrough)
branch 34 never executed
    $$$$$:   37-block 23
call   35 never executed
    $$$$$:   37-block 24
call   36 never executed
    $$$$$:   37-block 25
call   37 never executed
    $$$$$:   37-block 26
call   38 never executed
